[00:15:28] [main/INFO] (FabricLoader/GameProvider) Loading Minecraft 1.19 with Fabric Loader 0.14.6
[00:15:28] [main/INFO] (FabricLoader) Loading 43 mods:
	- fabric 0.55.1+1.19
	- fabric-api-base 0.4.8+e62f51a357
	- fabric-api-lookup-api-v1 1.6.5+9ff28f4057
	- fabric-biome-api-v1 9.0.11+e62f51a357
	- fabric-blockrenderlayer-v1 1.1.17+9ff28f4057
	- fabric-command-api-v2 2.0.1+e62f51a357
	- fabric-content-registries-v0 3.0.15+9ff28f4057
	- fabric-convention-tags-v1 1.0.7+37622d2457
	- fabric-crash-report-info-v1 0.2.2+bd0a0d4a57
	- fabric-data-generation-api-v1 5.0.0+2a5b921057
	- fabric-dimensions-v1 2.1.26+72da3b3d57
	- fabric-entity-events-v1 1.4.15+9ff28f4057
	- fabric-events-interaction-v0 0.4.25+9ff28f4057
	- fabric-game-rule-api-v1 1.0.18+1899036157
	- fabric-gametest-api-v1 1.0.29+e62f51a357
	- fabric-item-api-v1 1.5.3+767db26e57
	- fabric-item-groups-v0 0.3.22+9ff28f4057
	- fabric-key-binding-api-v1 1.0.17+9ff28f4057
	- fabric-lifecycle-events-v1 2.0.8+21a5acaa57
	- fabric-loot-api-v2 1.0.0+9e7660c657
	- fabric-message-api-v1 1.0.0+513f4a5957
	- fabric-mining-level-api-v1 2.1.6+9ff28f4057
	- fabric-models-v0 0.3.14+9ff28f4057
	- fabric-networking-api-v1 1.0.26+7fe9740957
	- fabric-object-builder-api-v1 4.0.4+9ff28f4057
	- fabric-particles-v1 1.0.7+9ff28f4057
	- fabric-registry-sync-v0 0.9.15+92cf9a3e57
	- fabric-renderer-api-v1 1.0.7+9ff28f4057
	- fabric-renderer-indigo 0.6.5+9ff28f4057
	- fabric-rendering-data-attachment-v1 0.3.11+9ff28f4057
	- fabric-rendering-fluids-v1 3.0.4+9ff28f4057
	- fabric-rendering-v1 1.10.13+9ff28f4057
	- fabric-resource-conditions-api-v1 2.0.8+e62f51a357
	- fabric-resource-loader-v0 0.5.2+9e7660c657
	- fabric-screen-api-v1 1.0.22+9ff28f4057
	- fabric-screen-handler-api-v1 1.2.5+9ff28f4057
	- fabric-textures-v0 1.0.17+9ff28f4057
	- fabric-transfer-api-v1 2.0.7+e62f51a357
	- fabric-transitive-access-wideners-v1 1.1.0+9e7660c657
	- fabricloader 0.14.6
	- java 17
	- minecraft 1.19
	- tutorialmod 0.0.1
[00:15:28] [main/INFO] (FabricLoader/Mixin) SpongePowered MIXIN Subsystem Version=0.8.5 Source=file:/C:/Users/Utilisateur/.gradle/caches/modules-2/files-2.1/net.fabricmc/sponge-mixin/0.11.4+mixin.0.8.5/c1dc27696aa4006e492c2485c9ccbcb26045a971/sponge-mixin-0.11.4+mixin.0.8.5.jar Service=Knot/Fabric Env=CLIENT
[00:15:29] [main/INFO] (FabricLoader/Mixin) Loaded Fabric development mappings for mixin remapper!
[00:15:29] [main/INFO] (FabricLoader/Mixin) Compatibility level set to JAVA_16
[00:15:29] [main/INFO] (FabricLoader/Mixin) Compatibility level set to JAVA_17
[00:15:30] [main/WARN] (FileUtil) Configuration conflict: there is more than one oshi.properties file on the classpath
[00:15:31] [main/WARN] (FileUtil) Configuration conflict: there is more than one oshi.architecture.properties file on the classpath
[00:15:34] [main/INFO] (Minecraft) Building optimized datafixer
[00:15:38] [Render thread/INFO] (Minecraft) Environment: authHost='https://authserver.mojang.com', accountsHost='https://api.mojang.com', sessionHost='https://sessionserver.mojang.com', servicesHost='https://api.minecraftservices.com', name='PROD'
[00:15:39] [Render thread/ERROR] (Minecraft) Failed to verify authentication
com.mojang.authlib.exceptions.InvalidCredentialsException: Status: 401
	at com.mojang.authlib.exceptions.MinecraftClientHttpException.toAuthenticationException(MinecraftClientHttpException.java:56) ~[authlib-3.5.41.jar:?]
	at com.mojang.authlib.yggdrasil.YggdrasilUserApiService.fetchProperties(YggdrasilUserApiService.java:140) ~[authlib-3.5.41.jar:?]
	at com.mojang.authlib.yggdrasil.YggdrasilUserApiService.<init>(YggdrasilUserApiService.java:47) ~[authlib-3.5.41.jar:?]
	at com.mojang.authlib.yggdrasil.YggdrasilAuthenticationService.createUserApiService(YggdrasilAuthenticationService.java:158) ~[authlib-3.5.41.jar:?]
	at net.minecraft.client.MinecraftClient.createUserApiService(MinecraftClient.java:673) [minecraft-project-@-merged-named.jar:?]
	at net.minecraft.client.MinecraftClient.<init>(MinecraftClient.java:489) [minecraft-project-@-merged-named.jar:?]
	at net.minecraft.client.main.Main.main(Main.java:179) [minecraft-project-@-merged-named.jar:?]
	at net.fabricmc.loader.impl.game.minecraft.MinecraftGameProvider.launch(MinecraftGameProvider.java:460) [fabric-loader-0.14.6.jar:?]
	at net.fabricmc.loader.impl.launch.knot.Knot.launch(Knot.java:74) [fabric-loader-0.14.6.jar:?]
	at net.fabricmc.loader.impl.launch.knot.KnotClient.main(KnotClient.java:23) [fabric-loader-0.14.6.jar:?]
	at net.fabricmc.devlaunchinjector.Main.main(Main.java:86) [dev-launch-injector-0.2.1+build.8.jar:?]
Caused by: com.mojang.authlib.exceptions.MinecraftClientHttpException: Status: 401
	at com.mojang.authlib.minecraft.client.MinecraftClient.readInputStream(MinecraftClient.java:85) ~[authlib-3.5.41.jar:?]
	at com.mojang.authlib.minecraft.client.MinecraftClient.get(MinecraftClient.java:48) ~[authlib-3.5.41.jar:?]
	at com.mojang.authlib.yggdrasil.YggdrasilUserApiService.fetchProperties(YggdrasilUserApiService.java:121) ~[authlib-3.5.41.jar:?]
	... 9 more
[00:15:39] [Render thread/INFO] (Minecraft) Setting user: Player60
[00:15:39] [Render thread/INFO] (Indigo) [Indigo] Registering Indigo renderer!
[00:15:39] [Render thread/INFO] (Minecraft) Backend library: LWJGL version 3.3.1 SNAPSHOT
[00:15:41] [Worker-Main-6/ERROR] (Minecraft) Failed to retrieve profile key pair
java.io.IOException: Could not retrieve profile key pair
	at net.minecraft.client.util.ProfileKeys.fetchKeyPair(ProfileKeys.java:165) ~[minecraft-project-@-merged-named.jar:?]
	at net.minecraft.client.util.ProfileKeys.method_44291(ProfileKeys.java:68) ~[minecraft-project-@-merged-named.jar:?]
	at java.util.concurrent.CompletableFuture$AsyncSupply.run(CompletableFuture.java:1768) [?:?]
	at java.util.concurrent.CompletableFuture$AsyncSupply.exec(CompletableFuture.java:1760) [?:?]
	at java.util.concurrent.ForkJoinTask.doExec(ForkJoinTask.java:373) [?:?]
	at java.util.concurrent.ForkJoinPool$WorkQueue.topLevelExec(ForkJoinPool.java:1182) [?:?]
	at java.util.concurrent.ForkJoinPool.scan(ForkJoinPool.java:1655) [?:?]
	at java.util.concurrent.ForkJoinPool.runWorker(ForkJoinPool.java:1622) [?:?]
	at java.util.concurrent.ForkJoinWorkerThread.run(ForkJoinWorkerThread.java:165) [?:?]
[00:15:41] [Render thread/INFO] (Minecraft) Reloading ResourceManager: Default, Fabric Mods (Fabric Game Test API (v1), Fabric Events Interaction (v0), Fabric Renderer - Indigo, Fabric Screen API (v1), Fabric Entity Events (v1), Fabric Transfer API (v1), Fabric Message API (v1), Fabric Game Rule API (v1), Fabric Convention Tags, Fabric Transitive Access Wideners (v1), Fabric Content Registries (v0), Fabric Data Generation API (v1), Fabric Command API (v2), Fabric Rendering (v1), Fabric API Lookup API (v1), Fabric Resource Loader (v0), Fabric API, Fabric API Base, Fabric Renderer API (v1), Fabric Item Groups (v0), Fabric Rendering Data Attachment (v1), Fabric Rendering Fluids (v1), Fabric Object Builder API (v1), Fabric Lifecycle Events (v1), Fabric Textures (v0), Fabric Resource Conditions API (v1), Fabric Registry Sync (v0), Fabric Key Binding API (v1), Fabric Screen Handler API (v1), Fabric Crash Report Info (v1), Fabric Item API (v1), Fabric Models (v0), Fabric Particles (v1), Fabric Dimensions API (v1), Fabric Loader, Fabric Networking API (v1), Fabric BlockRenderLayer Registration (v1), Fabric Mining Level API (v1), Tutorial Mod, Fabric Biome API (v1), Fabric Loot API (v2))
[00:15:42] [Render thread/INFO] (tutorialmod) This line is printed by an example mod mixin!
[00:15:42] [Render thread/INFO] (tutorialmod) This line is printed by an example mod mixin!
[00:15:42] [Render thread/INFO] (tutorialmod) This line is printed by an example mod mixin!
[00:15:42] [Worker-Main-6/WARN] (Minecraft) File minecraft:sounds/mob/irongolem/walk3.ogg does not exist, cannot add it to event minecraft:entity.iron_golem.step
[00:15:42] [Realms Notification Availability checker #1/INFO] (Minecraft) Could not authorize you against Realms server: Invalid session id
[00:15:44] [Render thread/WARN] (Minecraft) Missing sound for event: minecraft:item.goat_horn.play
[00:15:44] [Render thread/WARN] (Minecraft) Missing sound for event: minecraft:entity.goat.screaming.horn_break
[00:15:45] [Render thread/INFO] (Minecraft) OpenAL initialized on device OpenAL Soft on Casque pour téléphone (HyperX Virtual Surround Sound)
[00:15:45] [Render thread/INFO] (Minecraft) Sound engine started
[00:15:45] [Render thread/INFO] (Minecraft) Created: 1024x1024x4 minecraft:textures/atlas/blocks.png-atlas
[00:15:45] [Render thread/INFO] (Minecraft) Created: 256x128x4 minecraft:textures/atlas/signs.png-atlas
[00:15:45] [Render thread/INFO] (Minecraft) Created: 1024x512x4 minecraft:textures/atlas/banner_patterns.png-atlas
[00:15:45] [Render thread/INFO] (Minecraft) Created: 1024x512x4 minecraft:textures/atlas/shield_patterns.png-atlas
[00:15:45] [Render thread/INFO] (Minecraft) Created: 256x256x4 minecraft:textures/atlas/chest.png-atlas
[00:15:45] [Render thread/INFO] (Minecraft) Created: 512x256x4 minecraft:textures/atlas/beds.png-atlas
[00:15:45] [Render thread/INFO] (Minecraft) Created: 512x256x4 minecraft:textures/atlas/shulker_boxes.png-atlas
[00:15:46] [Render thread/WARN] (Minecraft) Shader rendertype_entity_translucent_emissive could not find sampler named Sampler2 in the specified shader program.
[00:15:46] [Render thread/INFO] (Minecraft) Created: 512x256x0 minecraft:textures/atlas/particles.png-atlas
[00:15:46] [Render thread/INFO] (Minecraft) Created: 256x256x0 minecraft:textures/atlas/paintings.png-atlas
[00:15:46] [Render thread/INFO] (Minecraft) Created: 256x128x0 minecraft:textures/atlas/mob_effects.png-atlas
[00:15:46] [Render thread/INFO] (tutorialmod) This line is printed by an example mod mixin!
[00:15:54] [Render thread/INFO] (Minecraft) Loaded 7 recipes
[00:15:54] [Render thread/INFO] (Minecraft) Loaded 1179 advancements
[00:15:55] [Render thread/INFO] (BiomeModificationImpl) Applied 0 biome modifications to 0 of 63 new biomes in 3.746 ms
[00:15:55] [Server thread/INFO] (Minecraft) Starting integrated minecraft server version 1.19
[00:15:55] [Server thread/INFO] (Minecraft) Generating keypair
[00:15:56] [Server thread/INFO] (Minecraft) Preparing start region for dimension minecraft:overworld
[00:15:57] [Render thread/INFO] (Minecraft) Preparing spawn area: 0%
[00:15:57] [Render thread/INFO] (Minecraft) Preparing spawn area: 0%
[00:15:57] [Render thread/INFO] (Minecraft) Preparing spawn area: 0%
[00:15:57] [Render thread/INFO] (Minecraft) Preparing spawn area: 0%
[00:15:58] [Render thread/INFO] (Minecraft) Preparing spawn area: 0%
[00:15:58] [Render thread/INFO] (Minecraft) Preparing spawn area: 0%
[00:15:59] [Render thread/INFO] (Minecraft) Preparing spawn area: 0%
[00:15:59] [Render thread/INFO] (Minecraft) Preparing spawn area: 4%
[00:16:00] [Render thread/INFO] (Minecraft) Preparing spawn area: 83%
[00:16:00] [Render thread/INFO] (Minecraft) Time elapsed: 4360 ms
[00:16:00] [Server thread/INFO] (Minecraft) Changing view distance to 12, from 10
[00:16:00] [Server thread/INFO] (Minecraft) Changing simulation distance to 12, from 0
[00:16:03] [Server thread/INFO] (Minecraft) Player60[local:E:1fda74ab] logged in with entity id 104 at (148.06578895797364, 69.0, -422.6487563305566)
[00:16:03] [Server thread/INFO] (Minecraft) Player60 joined the game
[00:16:03] [Server thread/INFO] (Minecraft) Player60 has made the advancement [Getting an Upgrade]
[00:16:03] [Server thread/INFO] (Minecraft) Player60 has made the advancement [Isn't It Iron Pick]
[00:16:08] [Render thread/INFO] (Minecraft) [CHAT] Player60 has made the advancement [Getting an Upgrade]
[00:16:08] [Render thread/INFO] (Minecraft) [CHAT] Player60 has made the advancement [Isn't It Iron Pick]
[00:16:08] [Render thread/INFO] (Minecraft) Loaded 34 advancements
[00:16:27] [Render thread/INFO] (Minecraft) Loaded 41 advancements
[00:16:32] [Worker-Bootstrap-2/INFO] (Minecraft) 4256 Datafixer optimizations took 57958 milliseconds
[00:16:35] [Server thread/INFO] (Minecraft) [Player60: Set own game mode to Survival Mode]
[00:16:35] [Render thread/INFO] (Minecraft) [CHAT] Set own game mode to Survival Mode
[00:16:47] [Server thread/INFO] (Minecraft) Saving and pausing game...
[00:16:47] [Server thread/INFO] (Minecraft) Saving chunks for level 'ServerLevel[OMG JE SUIS CHOKBAR DE BZ]'/minecraft:overworld
[00:16:47] [Server thread/INFO] (Minecraft) Saving chunks for level 'ServerLevel[OMG JE SUIS CHOKBAR DE BZ]'/minecraft:the_end
[00:16:47] [Server thread/INFO] (Minecraft) Saving chunks for level 'ServerLevel[OMG JE SUIS CHOKBAR DE BZ]'/minecraft:the_nether
[00:17:01] [Server thread/INFO] (Minecraft) Saving and pausing game...
[00:17:01] [Server thread/INFO] (Minecraft) Saving chunks for level 'ServerLevel[OMG JE SUIS CHOKBAR DE BZ]'/minecraft:overworld
[00:17:01] [Server thread/INFO] (Minecraft) Saving chunks for level 'ServerLevel[OMG JE SUIS CHOKBAR DE BZ]'/minecraft:the_end
[00:17:01] [Server thread/INFO] (Minecraft) Saving chunks for level 'ServerLevel[OMG JE SUIS CHOKBAR DE BZ]'/minecraft:the_nether
[00:17:21] [Server thread/INFO] (Minecraft) [Player60: Set own game mode to Creative Mode]
[00:17:21] [Render thread/INFO] (Minecraft) [CHAT] Set own game mode to Creative Mode
[00:19:14] [Render thread/INFO] (Minecraft) Loaded 44 advancements
[00:19:35] [Server thread/INFO] (Minecraft) Saving and pausing game...
[00:19:35] [Server thread/INFO] (Minecraft) Saving chunks for level 'ServerLevel[OMG JE SUIS CHOKBAR DE BZ]'/minecraft:overworld
[00:19:35] [Server thread/INFO] (Minecraft) Saving chunks for level 'ServerLevel[OMG JE SUIS CHOKBAR DE BZ]'/minecraft:the_end
[00:19:35] [Server thread/INFO] (Minecraft) Saving chunks for level 'ServerLevel[OMG JE SUIS CHOKBAR DE BZ]'/minecraft:the_nether
[00:21:29] [Server thread/INFO] (Minecraft) Saving and pausing game...
[00:21:29] [Server thread/INFO] (Minecraft) Saving chunks for level 'ServerLevel[OMG JE SUIS CHOKBAR DE BZ]'/minecraft:overworld
[00:21:29] [Server thread/INFO] (Minecraft) Saving chunks for level 'ServerLevel[OMG JE SUIS CHOKBAR DE BZ]'/minecraft:the_end
[00:21:29] [Server thread/INFO] (Minecraft) Saving chunks for level 'ServerLevel[OMG JE SUIS CHOKBAR DE BZ]'/minecraft:the_nether
[00:22:15] [Render thread/INFO] (Minecraft) [CHAT] Your number is: 5
[00:22:16] [Render thread/INFO] (Minecraft) [CHAT] Your number is: 7
[00:22:18] [Render thread/INFO] (Minecraft) [CHAT] Your number is: 1
[00:22:19] [Render thread/INFO] (Minecraft) [CHAT] Your number is: 4
[00:22:20] [Render thread/INFO] (Minecraft) [CHAT] Your number is: 7
[00:22:22] [Render thread/INFO] (Minecraft) [CHAT] You have used the eight ball 5 times and the total is 24 (average: 4)
[00:22:29] [Render thread/INFO] (Minecraft) [CHAT] You have used the eight ball 5 times and the total is 24 (average: 4)
[00:22:30] [Render thread/INFO] (Minecraft) [CHAT] You have used the eight ball 5 times and the total is 24 (average: 4)
[00:22:30] [Render thread/INFO] (Minecraft) [CHAT] You have used the eight ball 5 times and the total is 24 (average: 4)
[00:22:30] [Render thread/INFO] (Minecraft) [CHAT] You have used the eight ball 5 times and the total is 24 (average: 4)
[00:22:30] [Render thread/INFO] (Minecraft) [CHAT] You have used the eight ball 5 times and the total is 24 (average: 4)
[00:22:31] [Render thread/INFO] (Minecraft) [CHAT] You have used the eight ball 5 times and the total is 24 (average: 4)
[00:22:31] [Render thread/INFO] (Minecraft) [CHAT] You have used the eight ball 5 times and the total is 24 (average: 4)
[00:22:32] [Render thread/INFO] (Minecraft) [CHAT] Your number is: 2
[00:22:35] [Render thread/INFO] (Minecraft) [CHAT] You have used the eight ball 6 times and the total is 26 (average: 4)
[00:23:06] [Server thread/INFO] (Minecraft) [Player60: Set own game mode to Survival Mode]
[00:23:06] [Render thread/INFO] (Minecraft) [CHAT] Set own game mode to Survival Mode
[00:24:12] [Server thread/INFO] (Minecraft) [Player60: Set own game mode to Creative Mode]
[00:24:12] [Render thread/INFO] (Minecraft) [CHAT] Set own game mode to Creative Mode
[00:25:52] [Server thread/INFO] (Minecraft) [Player60: Set own game mode to Survival Mode]
[00:25:52] [Render thread/INFO] (Minecraft) [CHAT] Set own game mode to Survival Mode
[00:28:01] [Server thread/INFO] (Minecraft) [Player60: Set own game mode to Creative Mode]
[00:28:01] [Render thread/INFO] (Minecraft) [CHAT] Set own game mode to Creative Mode
[00:28:12] [Render thread/INFO] (Minecraft) Loaded 46 advancements
[00:28:33] [Server thread/INFO] (Minecraft) [Player60: Set own game mode to Survival Mode]
[00:28:33] [Render thread/INFO] (Minecraft) [CHAT] Set own game mode to Survival Mode
[00:28:48] [Server thread/INFO] (Minecraft) Player60 has made the advancement [Enchanter]
[00:28:48] [Render thread/INFO] (Minecraft) [CHAT] Player60 has made the advancement [Enchanter]
[00:28:48] [Render thread/INFO] (Minecraft) Loaded 46 advancements
[00:28:59] [Server thread/INFO] (Minecraft) [Player60: Set own game mode to Creative Mode]
[00:28:59] [Render thread/INFO] (Minecraft) [CHAT] Set own game mode to Creative Mode
[00:29:04] [Server thread/INFO] (Minecraft) [Player60: Set own game mode to Survival Mode]
[00:29:04] [Render thread/INFO] (Minecraft) [CHAT] Set own game mode to Survival Mode
[00:29:09] [Server thread/INFO] (Minecraft) Player60 has made the advancement [Stone Age]
[00:29:09] [Render thread/INFO] (Minecraft) [CHAT] Player60 has made the advancement [Stone Age]
[00:29:09] [Render thread/INFO] (Minecraft) Loaded 60 advancements
[00:29:28] [Server thread/INFO] (Minecraft) [Player60: Set own game mode to Creative Mode]
[00:29:28] [Render thread/INFO] (Minecraft) [CHAT] Set own game mode to Creative Mode
